[  0%] Built target actionlib_msgs_generate_messages_py
[  0%] Built target tf2_msgs_generate_messages_nodejs
[  0%] Built target tf2_msgs_generate_messages_cpp
[  0%] Built target tf2_msgs_generate_messages_eus
[  0%] Built target std_msgs_generate_messages_cpp
[  0%] Built target nodelet_generate_messages_nodejs
[  0%] Built target nodelet_generate_messages_eus
[  0%] Built target tf2_msgs_generate_messages_lisp
[  0%] Built target _lidar_localization_generate_messages_check_deps_optimizeMap
[  0%] Built target pcl_msgs_generate_messages_nodejs
[  0%] Built target _lidar_localization_generate_messages_check_deps_saveScanContext
[  0%] Built target geometry_msgs_generate_messages_lisp
[  0%] Built target _lidar_localization_generate_messages_check_deps_saveMap
[  0%] Built target geometry_msgs_generate_messages_py
[  0%] Built target dynamic_reconfigure_gencfg
[  0%] Built target dynamic_reconfigure_generate_messages_py
[  0%] Built target rosgraph_msgs_generate_messages_cpp
[  0%] Built target pcl_msgs_generate_messages_cpp
[  0%] Built target dynamic_reconfigure_generate_messages_lisp
[  0%] Built target topic_tools_generate_messages_cpp
[  0%] Built target pcl_ros_gencfg
[  0%] Built target topic_tools_generate_messages_nodejs
[  0%] Built target actionlib_generate_messages_py
[  0%] Built target dynamic_reconfigure_generate_messages_eus
[  0%] Built target tf2_msgs_generate_messages_py
[  0%] Built target std_msgs_generate_messages_nodejs
[  0%] Built target bond_generate_messages_lisp
[  0%] Built target nodelet_generate_messages_lisp
[  0%] Built target sensor_msgs_generate_messages_lisp
[  0%] Built target nodelet_generate_messages_cpp
[  0%] Built target std_srvs_generate_messages_nodejs
[  0%] Built target geometry_msgs_generate_messages_cpp
[  0%] Built target bond_generate_messages_py
[  0%] Built target actionlib_generate_messages_lisp
[  0%] Built target sensor_msgs_generate_messages_nodejs
[  0%] Built target roscpp_generate_messages_cpp
[  0%] Built target actionlib_generate_messages_cpp
[  0%] Built target geometry_msgs_generate_messages_nodejs
[  0%] Built target roscpp_generate_messages_lisp
[  0%] Built target bond_generate_messages_eus
[  0%] Built target std_srvs_generate_messages_eus
[  0%] Built target std_msgs_generate_messages_lisp
[  0%] Built target roscpp_generate_messages_nodejs
[  0%] Built target geometry_msgs_generate_messages_eus
[  0%] Built target std_msgs_generate_messages_py
[  0%] Built target rosgraph_msgs_generate_messages_lisp
[  0%] Built target roscpp_generate_messages_py
[  0%] Built target dynamic_reconfigure_generate_messages_nodejs
[  0%] Built target rosgraph_msgs_generate_messages_eus
[  0%] Built target std_msgs_generate_messages_eus
[  0%] Built target roscpp_generate_messages_eus
[  0%] Built target actionlib_msgs_generate_messages_eus
[  0%] Built target rosgraph_msgs_generate_messages_py
[  0%] Built target rosgraph_msgs_generate_messages_nodejs
[  0%] Built target actionlib_msgs_generate_messages_nodejs
[  0%] Built target bond_generate_messages_nodejs
[  0%] Built target bond_generate_messages_cpp
[  0%] Built target topic_tools_generate_messages_py
[  0%] Built target std_srvs_generate_messages_lisp
[  0%] Built target nodelet_topic_tools_gencfg
[  0%] Built target topic_tools_generate_messages_lisp
[  0%] Built target pcl_msgs_generate_messages_eus
[  0%] Built target topic_tools_generate_messages_eus
[  0%] Built target sensor_msgs_generate_messages_cpp
[  0%] Built target sensor_msgs_generate_messages_eus
[  0%] Built target nodelet_generate_messages_py
[  0%] Built target sensor_msgs_generate_messages_py
[  0%] Built target dynamic_reconfigure_generate_messages_cpp
[  0%] Built target tf_generate_messages_py
[  0%] Built target std_srvs_generate_messages_cpp
[  0%] Built target actionlib_msgs_generate_messages_cpp
[  0%] Built target tf_generate_messages_eus
[  0%] Built target std_srvs_generate_messages_py
[  0%] Built target tf_generate_messages_lisp
[  0%] Built target tf_generate_messages_nodejs
[  0%] Built target pcl_msgs_generate_messages_py
[  0%] Built target actionlib_generate_messages_eus
[  0%] Built target pcl_msgs_generate_messages_lisp
[  0%] Built target tf_generate_messages_cpp
[  0%] Built target actionlib_msgs_generate_messages_lisp
[  0%] Built target actionlib_generate_messages_nodejs
[  1%] Built target lidar_localization_generate_messages_py
[  2%] Built target lidar_localization_generate_messages_nodejs
[  3%] Built target lidar_localization_generate_messages_lisp
[  4%] Built target lidar_localization_generate_messages_eus
[  5%] Built target lidar_localization_generate_messages_cpp
[  5%] Built target lidar_localization_generate_messages
[ 18%] Built target test_frame_node
[ 31%] Built target front_end_node
[ 45%] Built target data_pretreat_node
[ 71%] Built target matching_node
[ 72%] Built target loop_closing_node
[ 85%] Built target back_end_node
[100%] Built target viewer_node
