[01m[K/workspace/assignments/03-mapping-and-matching/src/lidar_localization/src/matching/matching_flow.cpp:[m[K In member function ‘[01m[Kbool lidar_localization::MatchingFlow::UpdateMatching()[m[K’:
[01m[K/workspace/assignments/03-mapping-and-matching/src/lidar_localization/src/matching/matching_flow.cpp:117:35:[m[K [01;31m[Kerror: [m[Kexpected initializer before ‘[01m[K<<[m[K’ token
         Eigen::Matrix4f init_pose [01;31m[K<<[m[K 48.98261130856601, 8.3904185826415,0.0, 0.0;
                                   [01;31m[K^~[m[K
[01m[K/workspace/assignments/03-mapping-and-matching/src/lidar_localization/src/matching/matching_flow.cpp:118:36:[m[K [01;31m[Kerror: [m[K‘[01m[Kinit_pose[m[K’ was not declared in this scope
         matching_ptr_->SetGNSSPose([01;31m[Kinit_pose[m[K);
                                    [01;31m[K^~~~~~~~~[m[K
[01m[K/workspace/assignments/03-mapping-and-matching/src/lidar_localization/src/matching/matching_flow.cpp:118:36:[m[K [01;36m[Knote: [m[Ksuggested alternative: ‘[01m[Kinitstate[m[K’
         matching_ptr_->SetGNSSPose([01;36m[Kinit_pose[m[K);
                                    [01;36m[K^~~~~~~~~[m[K
                                    [32m[Kinitstate[m[K
[01m[K/workspace/assignments/03-mapping-and-matching/src/lidar_localization/src/matching/matching_flow.cpp:[m[K In member function ‘[01m[Kbool lidar_localization::MatchingFlow::UpdateMatching()[m[K’:
[01m[K/workspace/assignments/03-mapping-and-matching/src/lidar_localization/src/matching/matching_flow.cpp:117:35:[m[K [01;31m[Kerror: [m[Kexpected initializer before ‘[01m[K<<[m[K’ token
         Eigen::Matrix4f init_pose [01;31m[K<<[m[K 48.98261130856601, 8.3904185826415,0.0, 0.0;
                                   [01;31m[K^~[m[K
[01m[K/workspace/assignments/03-mapping-and-matching/src/lidar_localization/src/matching/matching_flow.cpp:118:36:[m[K [01;31m[Kerror: [m[K‘[01m[Kinit_pose[m[K’ was not declared in this scope
         matching_ptr_->SetGNSSPose([01;31m[Kinit_pose[m[K);
                                    [01;31m[K^~~~~~~~~[m[K
[01m[K/workspace/assignments/03-mapping-and-matching/src/lidar_localization/src/matching/matching_flow.cpp:118:36:[m[K [01;36m[Knote: [m[Ksuggested alternative: ‘[01m[Kinitstate[m[K’
         matching_ptr_->SetGNSSPose([01;36m[Kinit_pose[m[K);
                                    [01;36m[K^~~~~~~~~[m[K
                                    [32m[Kinitstate[m[K
[01m[K/workspace/assignments/03-mapping-and-matching/src/lidar_localization/src/matching/matching_flow.cpp:[m[K In member function ‘[01m[Kbool lidar_localization::MatchingFlow::UpdateMatching()[m[K’:
[01m[K/workspace/assignments/03-mapping-and-matching/src/lidar_localization/src/matching/matching_flow.cpp:117:35:[m[K [01;31m[Kerror: [m[Kexpected initializer before ‘[01m[K<<[m[K’ token
         Eigen::Matrix4f init_pose [01;31m[K<<[m[K 48.98261130856601, 8.3904185826415,0.0, 0.0;
                                   [01;31m[K^~[m[K
[01m[K/workspace/assignments/03-mapping-and-matching/src/lidar_localization/src/matching/matching_flow.cpp:118:36:[m[K [01;31m[Kerror: [m[K‘[01m[Kinit_pose[m[K’ was not declared in this scope
         matching_ptr_->SetGNSSPose([01;31m[Kinit_pose[m[K);
                                    [01;31m[K^~~~~~~~~[m[K
[01m[K/workspace/assignments/03-mapping-and-matching/src/lidar_localization/src/matching/matching_flow.cpp:118:36:[m[K [01;36m[Knote: [m[Ksuggested alternative: ‘[01m[Kinitstate[m[K’
         matching_ptr_->SetGNSSPose([01;36m[Kinit_pose[m[K);
                                    [01;36m[K^~~~~~~~~[m[K
                                    [32m[Kinitstate[m[K
[01m[K/workspace/assignments/03-mapping-and-matching/src/lidar_localization/src/matching/matching_flow.cpp:[m[K In member function ‘[01m[Kbool lidar_localization::MatchingFlow::UpdateMatching()[m[K’:
[01m[K/workspace/assignments/03-mapping-and-matching/src/lidar_localization/src/matching/matching_flow.cpp:117:35:[m[K [01;31m[Kerror: [m[Kexpected initializer before ‘[01m[K<<[m[K’ token
         Eigen::Matrix4f init_pose [01;31m[K<<[m[K 48.98261130856601, 8.3904185826415,0.0, 0.0;
                                   [01;31m[K^~[m[K
[01m[K/workspace/assignments/03-mapping-and-matching/src/lidar_localization/src/matching/matching_flow.cpp:118:36:[m[K [01;31m[Kerror: [m[K‘[01m[Kinit_pose[m[K’ was not declared in this scope
         matching_ptr_->SetGNSSPose([01;31m[Kinit_pose[m[K);
                                    [01;31m[K^~~~~~~~~[m[K
[01m[K/workspace/assignments/03-mapping-and-matching/src/lidar_localization/src/matching/matching_flow.cpp:118:36:[m[K [01;36m[Knote: [m[Ksuggested alternative: ‘[01m[Kinitstate[m[K’
         matching_ptr_->SetGNSSPose([01;36m[Kinit_pose[m[K);
                                    [01;36m[K^~~~~~~~~[m[K
                                    [32m[Kinitstate[m[K
[01m[K/workspace/assignments/03-mapping-and-matching/src/lidar_localization/src/matching/matching_flow.cpp:[m[K In member function ‘[01m[Kbool lidar_localization::MatchingFlow::UpdateMatching()[m[K’:
[01m[K/workspace/assignments/03-mapping-and-matching/src/lidar_localization/src/matching/matching_flow.cpp:117:35:[m[K [01;31m[Kerror: [m[Kexpected initializer before ‘[01m[K<<[m[K’ token
         Eigen::Matrix4f init_pose [01;31m[K<<[m[K 48.98261130856601, 8.3904185826415,0.0, 0.0;
                                   [01;31m[K^~[m[K
[01m[K/workspace/assignments/03-mapping-and-matching/src/lidar_localization/src/matching/matching_flow.cpp:118:36:[m[K [01;31m[Kerror: [m[K‘[01m[Kinit_pose[m[K’ was not declared in this scope
         matching_ptr_->SetGNSSPose([01;31m[Kinit_pose[m[K);
                                    [01;31m[K^~~~~~~~~[m[K
[01m[K/workspace/assignments/03-mapping-and-matching/src/lidar_localization/src/matching/matching_flow.cpp:118:36:[m[K [01;36m[Knote: [m[Ksuggested alternative: ‘[01m[Kinitstate[m[K’
         matching_ptr_->SetGNSSPose([01;36m[Kinit_pose[m[K);
                                    [01;36m[K^~~~~~~~~[m[K
                                    [32m[Kinitstate[m[K
[01m[K/workspace/assignments/03-mapping-and-matching/src/lidar_localization/src/matching/matching_flow.cpp:[m[K In member function ‘[01m[Kbool lidar_localization::MatchingFlow::UpdateMatching()[m[K’:
[01m[K/workspace/assignments/03-mapping-and-matching/src/lidar_localization/src/matching/matching_flow.cpp:117:35:[m[K [01;31m[Kerror: [m[Kexpected initializer before ‘[01m[K<<[m[K’ token
         Eigen::Matrix4f init_pose [01;31m[K<<[m[K 48.98261130856601, 8.3904185826415,0.0, 0.0;
                                   [01;31m[K^~[m[K
[01m[K/workspace/assignments/03-mapping-and-matching/src/lidar_localization/src/matching/matching_flow.cpp:118:36:[m[K [01;31m[Kerror: [m[K‘[01m[Kinit_pose[m[K’ was not declared in this scope
         matching_ptr_->SetGNSSPose([01;31m[Kinit_pose[m[K);
                                    [01;31m[K^~~~~~~~~[m[K
[01m[K/workspace/assignments/03-mapping-and-matching/src/lidar_localization/src/matching/matching_flow.cpp:118:36:[m[K [01;36m[Knote: [m[Ksuggested alternative: ‘[01m[Kinitstate[m[K’
         matching_ptr_->SetGNSSPose([01;36m[Kinit_pose[m[K);
                                    [01;36m[K^~~~~~~~~[m[K
                                    [32m[Kinitstate[m[K
[01m[K/workspace/assignments/03-mapping-and-matching/src/lidar_localization/src/matching/matching_flow.cpp:[m[K In member function ‘[01m[Kbool lidar_localization::MatchingFlow::UpdateMatching()[m[K’:
[01m[K/workspace/assignments/03-mapping-and-matching/src/lidar_localization/src/matching/matching_flow.cpp:117:35:[m[K [01;31m[Kerror: [m[Kexpected initializer before ‘[01m[K<<[m[K’ token
         Eigen::Matrix4f init_pose [01;31m[K<<[m[K 48.98261130856601, 8.3904185826415,0.0, 0.0;
                                   [01;31m[K^~[m[K
[01m[K/workspace/assignments/03-mapping-and-matching/src/lidar_localization/src/matching/matching_flow.cpp:118:36:[m[K [01;31m[Kerror: [m[K‘[01m[Kinit_pose[m[K’ was not declared in this scope
         matching_ptr_->SetGNSSPose([01;31m[Kinit_pose[m[K);
                                    [01;31m[K^~~~~~~~~[m[K
[01m[K/workspace/assignments/03-mapping-and-matching/src/lidar_localization/src/matching/matching_flow.cpp:118:36:[m[K [01;36m[Knote: [m[Ksuggested alternative: ‘[01m[Kinitstate[m[K’
         matching_ptr_->SetGNSSPose([01;36m[Kinit_pose[m[K);
                                    [01;36m[K^~~~~~~~~[m[K
                                    [32m[Kinitstate[m[K
make[2]: *** [CMakeFiles/test_frame_node.dir/src/matching/matching_flow.cpp.o] Error 1
make[1]: *** [CMakeFiles/test_frame_node.dir/all] Error 2
make[1]: *** Waiting for unfinished jobs....
make[2]: *** [CMakeFiles/viewer_node.dir/src/matching/matching_flow.cpp.o] Error 1
make[1]: *** [CMakeFiles/viewer_node.dir/all] Error 2
make[2]: *** [CMakeFiles/matching_node.dir/src/matching/matching_flow.cpp.o] Error 1
make[1]: *** [CMakeFiles/matching_node.dir/all] Error 2
make[2]: *** [CMakeFiles/data_pretreat_node.dir/src/matching/matching_flow.cpp.o] Error 1
make[1]: *** [CMakeFiles/data_pretreat_node.dir/all] Error 2
make[2]: *** [CMakeFiles/back_end_node.dir/src/matching/matching_flow.cpp.o] Error 1
make[1]: *** [CMakeFiles/back_end_node.dir/all] Error 2
make[2]: *** [CMakeFiles/loop_closing_node.dir/src/matching/matching_flow.cpp.o] Error 1
make[1]: *** [CMakeFiles/loop_closing_node.dir/all] Error 2
make[2]: *** [CMakeFiles/front_end_node.dir/src/matching/matching_flow.cpp.o] Error 1
make[1]: *** [CMakeFiles/front_end_node.dir/all] Error 2
make: *** [all] Error 2
