[  0%] Built target actionlib_msgs_generate_messages_py
[  0%] Built target tf2_msgs_generate_messages_nodejs
[  0%] Built target _lidar_localization_generate_messages_check_deps_saveScanContext
[  0%] Built target _lidar_localization_generate_messages_check_deps_optimizeMap
[  0%] Built target std_msgs_generate_messages_cpp
[  0%] Built target _lidar_localization_generate_messages_check_deps_saveMap
[  1%] Built target lidar_localization_generate_messages_cpp
[  1%] Built target tf2_msgs_generate_messages_eus
[  1%] Built target tf2_msgs_generate_messages_cpp
[  1%] Built target nodelet_generate_messages_nodejs
[  1%] Built target pcl_msgs_generate_messages_nodejs
[  1%] Built target nodelet_generate_messages_eus
[  1%] Built target geometry_msgs_generate_messages_lisp
[  1%] Built target tf2_msgs_generate_messages_lisp
[  1%] Built target dynamic_reconfigure_gencfg
[  1%] Built target geometry_msgs_generate_messages_py
[  1%] Built target dynamic_reconfigure_generate_messages_py
[  1%] Built target dynamic_reconfigure_generate_messages_lisp
[  1%] Built target pcl_msgs_generate_messages_cpp
[  1%] Built target rosgraph_msgs_generate_messages_cpp
[  1%] Built target topic_tools_generate_messages_cpp
[  1%] Built target pcl_ros_gencfg
[  1%] Built target topic_tools_generate_messages_nodejs
[  1%] Built target tf2_msgs_generate_messages_py
[  1%] Built target actionlib_generate_messages_py
[  1%] Built target dynamic_reconfigure_generate_messages_eus
[  1%] Built target std_msgs_generate_messages_nodejs
[  1%] Built target bond_generate_messages_lisp
[  1%] Built target nodelet_generate_messages_lisp
[  1%] Built target sensor_msgs_generate_messages_lisp
[  1%] Built target nodelet_generate_messages_cpp
[  1%] Built target bond_generate_messages_py
[  1%] Built target std_srvs_generate_messages_nodejs
[  1%] Built target geometry_msgs_generate_messages_cpp
[  1%] Built target actionlib_generate_messages_lisp
[  1%] Built target roscpp_generate_messages_cpp
[  1%] Built target sensor_msgs_generate_messages_nodejs
[  1%] Built target actionlib_generate_messages_cpp
[  1%] Built target geometry_msgs_generate_messages_nodejs
[  1%] Built target std_srvs_generate_messages_eus
[  1%] Built target roscpp_generate_messages_lisp
[  1%] Built target bond_generate_messages_eus
[  1%] Built target std_msgs_generate_messages_lisp
[  1%] Built target roscpp_generate_messages_nodejs
[  1%] Built target geometry_msgs_generate_messages_eus
[  1%] Built target std_msgs_generate_messages_py
[  1%] Built target roscpp_generate_messages_py
[  1%] Built target dynamic_reconfigure_generate_messages_nodejs
[  1%] Built target rosgraph_msgs_generate_messages_eus
[  1%] Built target rosgraph_msgs_generate_messages_lisp
[  1%] Built target std_msgs_generate_messages_eus
[  1%] Built target actionlib_msgs_generate_messages_eus
[  1%] Built target roscpp_generate_messages_eus
[  1%] Built target rosgraph_msgs_generate_messages_py
[  1%] Built target rosgraph_msgs_generate_messages_nodejs
[  1%] Built target bond_generate_messages_cpp
[  1%] Built target bond_generate_messages_nodejs
[  1%] Built target topic_tools_generate_messages_py
[  1%] Built target actionlib_msgs_generate_messages_nodejs
[  1%] Built target nodelet_topic_tools_gencfg
[  1%] Built target std_srvs_generate_messages_lisp
[  1%] Built target topic_tools_generate_messages_lisp
[  1%] Built target pcl_msgs_generate_messages_eus
[  1%] Built target topic_tools_generate_messages_eus
[  1%] Built target sensor_msgs_generate_messages_cpp
[  1%] Built target sensor_msgs_generate_messages_eus
[  1%] Built target nodelet_generate_messages_py
[  1%] Built target sensor_msgs_generate_messages_py
[  1%] Built target dynamic_reconfigure_generate_messages_cpp
[  1%] Built target tf_generate_messages_py
[  1%] Built target std_srvs_generate_messages_cpp
[  1%] Built target tf_generate_messages_eus
[  1%] Built target actionlib_msgs_generate_messages_cpp
[  1%] Built target std_srvs_generate_messages_py
[  1%] Built target tf_generate_messages_lisp
[  1%] Built target tf_generate_messages_nodejs
[  1%] Built target pcl_msgs_generate_messages_py
[  1%] Built target actionlib_generate_messages_eus
[  1%] Built target pcl_msgs_generate_messages_lisp
[  1%] Built target tf_generate_messages_cpp
[  1%] Built target actionlib_generate_messages_nodejs
[  1%] Built target actionlib_msgs_generate_messages_lisp
[ 15%] Built target viewer_node
[ 28%] Built target matching_node
[ 42%] Built target test_frame_node
[ 55%] Built target data_pretreat_node
[ 56%] Built target lidar_localization_generate_messages_py
[ 57%] Built target lidar_localization_generate_messages_nodejs
[ 58%] Built target lidar_localization_generate_messages_lisp
[ 59%] Built target lidar_localization_generate_messages_eus
[ 59%] Built target lidar_localization_generate_messages
[ 73%] Built target loop_closing_node
[ 86%] Built target back_end_node
[100%] Built target front_end_node
[36mInstall the project...[0m
-- Install configuration: "Release"
-- Up-to-date: /workspace/assignments/03-mapping-and-matching/install/_setup_util.py
-- Up-to-date: /workspace/assignments/03-mapping-and-matching/install/env.sh
-- Up-to-date: /workspace/assignments/03-mapping-and-matching/install/setup.bash
-- Up-to-date: /workspace/assignments/03-mapping-and-matching/install/local_setup.bash
-- Up-to-date: /workspace/assignments/03-mapping-and-matching/install/setup.sh
-- Up-to-date: /workspace/assignments/03-mapping-and-matching/install/local_setup.sh
-- Up-to-date: /workspace/assignments/03-mapping-and-matching/install/setup.zsh
-- Up-to-date: /workspace/assignments/03-mapping-and-matching/install/local_setup.zsh
-- Up-to-date: /workspace/assignments/03-mapping-and-matching/install/.rosinstall
-- Up-to-date: /workspace/assignments/03-mapping-and-matching/install/share/lidar_localization/srv/saveScanContext.srv
-- Up-to-date: /workspace/assignments/03-mapping-and-matching/install/share/lidar_localization/srv/saveMap.srv
-- Up-to-date: /workspace/assignments/03-mapping-and-matching/install/share/lidar_localization/srv/optimizeMap.srv
-- Up-to-date: /workspace/assignments/03-mapping-and-matching/install/share/lidar_localization/cmake/lidar_localization-msg-paths.cmake
-- Up-to-date: /workspace/assignments/03-mapping-and-matching/install/include/lidar_localization
-- Up-to-date: /workspace/assignments/03-mapping-and-matching/install/include/lidar_localization/saveScanContextResponse.h
-- Up-to-date: /workspace/assignments/03-mapping-and-matching/install/include/lidar_localization/saveMapResponse.h
-- Up-to-date: /workspace/assignments/03-mapping-and-matching/install/include/lidar_localization/optimizeMapRequest.h
-- Up-to-date: /workspace/assignments/03-mapping-and-matching/install/include/lidar_localization/saveMap.h
-- Up-to-date: /workspace/assignments/03-mapping-and-matching/install/include/lidar_localization/optimizeMapResponse.h
-- Up-to-date: /workspace/assignments/03-mapping-and-matching/install/include/lidar_localization/saveMapRequest.h
-- Up-to-date: /workspace/assignments/03-mapping-and-matching/install/include/lidar_localization/saveScanContextRequest.h
-- Up-to-date: /workspace/assignments/03-mapping-and-matching/install/include/lidar_localization/optimizeMap.h
-- Up-to-date: /workspace/assignments/03-mapping-and-matching/install/include/lidar_localization/saveScanContext.h
-- Up-to-date: /workspace/assignments/03-mapping-and-matching/install/share/roseus/ros/lidar_localization
-- Up-to-date: /workspace/assignments/03-mapping-and-matching/install/share/roseus/ros/lidar_localization/manifest.l
-- Up-to-date: /workspace/assignments/03-mapping-and-matching/install/share/roseus/ros/lidar_localization/srv
-- Up-to-date: /workspace/assignments/03-mapping-and-matching/install/share/roseus/ros/lidar_localization/srv/saveScanContext.l
-- Up-to-date: /workspace/assignments/03-mapping-and-matching/install/share/roseus/ros/lidar_localization/srv/optimizeMap.l
-- Up-to-date: /workspace/assignments/03-mapping-and-matching/install/share/roseus/ros/lidar_localization/srv/saveMap.l
-- Up-to-date: /workspace/assignments/03-mapping-and-matching/install/share/common-lisp/ros/lidar_localization
-- Up-to-date: /workspace/assignments/03-mapping-and-matching/install/share/common-lisp/ros/lidar_localization/srv
-- Up-to-date: /workspace/assignments/03-mapping-and-matching/install/share/common-lisp/ros/lidar_localization/srv/lidar_localization-srv.asd
-- Up-to-date: /workspace/assignments/03-mapping-and-matching/install/share/common-lisp/ros/lidar_localization/srv/_package.lisp
-- Up-to-date: /workspace/assignments/03-mapping-and-matching/install/share/common-lisp/ros/lidar_localization/srv/optimizeMap.lisp
-- Up-to-date: /workspace/assignments/03-mapping-and-matching/install/share/common-lisp/ros/lidar_localization/srv/_package_optimizeMap.lisp
-- Up-to-date: /workspace/assignments/03-mapping-and-matching/install/share/common-lisp/ros/lidar_localization/srv/_package_saveScanContext.lisp
-- Up-to-date: /workspace/assignments/03-mapping-and-matching/install/share/common-lisp/ros/lidar_localization/srv/saveMap.lisp
-- Up-to-date: /workspace/assignments/03-mapping-and-matching/install/share/common-lisp/ros/lidar_localization/srv/_package_saveMap.lisp
-- Up-to-date: /workspace/assignments/03-mapping-and-matching/install/share/common-lisp/ros/lidar_localization/srv/saveScanContext.lisp
-- Up-to-date: /workspace/assignments/03-mapping-and-matching/install/share/gennodejs/ros/lidar_localization
-- Up-to-date: /workspace/assignments/03-mapping-and-matching/install/share/gennodejs/ros/lidar_localization/_index.js
-- Up-to-date: /workspace/assignments/03-mapping-and-matching/install/share/gennodejs/ros/lidar_localization/srv
-- Up-to-date: /workspace/assignments/03-mapping-and-matching/install/share/gennodejs/ros/lidar_localization/srv/_index.js
-- Up-to-date: /workspace/assignments/03-mapping-and-matching/install/share/gennodejs/ros/lidar_localization/srv/optimizeMap.js
-- Up-to-date: /workspace/assignments/03-mapping-and-matching/install/share/gennodejs/ros/lidar_localization/srv/saveMap.js
-- Up-to-date: /workspace/assignments/03-mapping-and-matching/install/share/gennodejs/ros/lidar_localization/srv/saveScanContext.js
Listing /workspace/assignments/03-mapping-and-matching/devel/.private/lidar_localization/lib/python2.7/dist-packages/lidar_localization ...
Listing /workspace/assignments/03-mapping-and-matching/devel/.private/lidar_localization/lib/python2.7/dist-packages/lidar_localization/srv ...
-- Up-to-date: /workspace/assignments/03-mapping-and-matching/install/lib/python2.7/dist-packages/lidar_localization
-- Up-to-date: /workspace/assignments/03-mapping-and-matching/install/lib/python2.7/dist-packages/lidar_localization/srv
-- Up-to-date: /workspace/assignments/03-mapping-and-matching/install/lib/python2.7/dist-packages/lidar_localization/srv/_optimizeMap.pyc
-- Up-to-date: /workspace/assignments/03-mapping-and-matching/install/lib/python2.7/dist-packages/lidar_localization/srv/_saveScanContext.py
-- Up-to-date: /workspace/assignments/03-mapping-and-matching/install/lib/python2.7/dist-packages/lidar_localization/srv/_saveMap.pyc
-- Up-to-date: /workspace/assignments/03-mapping-and-matching/install/lib/python2.7/dist-packages/lidar_localization/srv/_optimizeMap.py
-- Up-to-date: /workspace/assignments/03-mapping-and-matching/install/lib/python2.7/dist-packages/lidar_localization/srv/_saveMap.py
-- Up-to-date: /workspace/assignments/03-mapping-and-matching/install/lib/python2.7/dist-packages/lidar_localization/srv/__init__.py
-- Up-to-date: /workspace/assignments/03-mapping-and-matching/install/lib/python2.7/dist-packages/lidar_localization/srv/__init__.pyc
-- Up-to-date: /workspace/assignments/03-mapping-and-matching/install/lib/python2.7/dist-packages/lidar_localization/srv/_saveScanContext.pyc
-- Up-to-date: /workspace/assignments/03-mapping-and-matching/install/lib/python2.7/dist-packages/lidar_localization/__init__.py
-- Up-to-date: /workspace/assignments/03-mapping-and-matching/install/lib/python2.7/dist-packages/lidar_localization/__init__.pyc
-- Up-to-date: /workspace/assignments/03-mapping-and-matching/install/lib/pkgconfig/lidar_localization.pc
-- Up-to-date: /workspace/assignments/03-mapping-and-matching/install/share/lidar_localization/cmake/lidar_localization-msg-extras.cmake
-- Up-to-date: /workspace/assignments/03-mapping-and-matching/install/share/lidar_localization/cmake/lidar_localizationConfig.cmake
-- Up-to-date: /workspace/assignments/03-mapping-and-matching/install/share/lidar_localization/cmake/lidar_localizationConfig-version.cmake
-- Up-to-date: /workspace/assignments/03-mapping-and-matching/install/share/lidar_localization/package.xml
-- Installing: /workspace/assignments/03-mapping-and-matching/install/lib/lidar_localization/test_frame_node
-- Set runtime path of "/workspace/assignments/03-mapping-and-matching/install/lib/lidar_localization/test_frame_node" to ""
-- Installing: /workspace/assignments/03-mapping-and-matching/install/lib/lidar_localization/data_pretreat_node
-- Set runtime path of "/workspace/assignments/03-mapping-and-matching/install/lib/lidar_localization/data_pretreat_node" to ""
-- Installing: /workspace/assignments/03-mapping-and-matching/install/lib/lidar_localization/front_end_node
-- Set runtime path of "/workspace/assignments/03-mapping-and-matching/install/lib/lidar_localization/front_end_node" to ""
-- Installing: /workspace/assignments/03-mapping-and-matching/install/lib/lidar_localization/back_end_node
-- Set runtime path of "/workspace/assignments/03-mapping-and-matching/install/lib/lidar_localization/back_end_node" to ""
-- Installing: /workspace/assignments/03-mapping-and-matching/install/lib/lidar_localization/loop_closing_node
-- Set runtime path of "/workspace/assignments/03-mapping-and-matching/install/lib/lidar_localization/loop_closing_node" to ""
-- Installing: /workspace/assignments/03-mapping-and-matching/install/lib/lidar_localization/viewer_node
-- Set runtime path of "/workspace/assignments/03-mapping-and-matching/install/lib/lidar_localization/viewer_node" to ""
-- Installing: /workspace/assignments/03-mapping-and-matching/install/lib/lidar_localization/matching_node
-- Set runtime path of "/workspace/assignments/03-mapping-and-matching/install/lib/lidar_localization/matching_node" to ""
-- Up-to-date: /workspace/assignments/03-mapping-and-matching/install/include/lidar_localization
-- Up-to-date: /workspace/assignments/03-mapping-and-matching/install/include/lidar_localization/lidar_localization
-- Up-to-date: /workspace/assignments/03-mapping-and-matching/install/include/lidar_localization/lidar_localization/models
-- Up-to-date: /workspace/assignments/03-mapping-and-matching/install/include/lidar_localization/lidar_localization/models/scan_context_manager
-- Up-to-date: /workspace/assignments/03-mapping-and-matching/install/include/lidar_localization/lidar_localization/models/scan_context_manager/scan_contexts.pb.h
-- Up-to-date: /workspace/assignments/03-mapping-and-matching/install/include/lidar_localization/lidar_localization/models/scan_context_manager/ring_keys.pb.h
-- Up-to-date: /workspace/assignments/03-mapping-and-matching/install/include/lidar_localization/lidar_localization/models/scan_context_manager/key_frames.pb.h
-- Up-to-date: /workspace/assignments/03-mapping-and-matching/install/include/lidar_localization/lidar_localization/models/registration
-- Up-to-date: /workspace/assignments/03-mapping-and-matching/install/include/lidar_localization/lidar_localization/models/cloud_filter
-- Up-to-date: /workspace/assignments/03-mapping-and-matching/install/include/lidar_localization/lidar_localization/models/scan_adjust
-- Up-to-date: /workspace/assignments/03-mapping-and-matching/install/include/lidar_localization/lidar_localization/models/graph_optimizer
-- Up-to-date: /workspace/assignments/03-mapping-and-matching/install/include/lidar_localization/lidar_localization/models/graph_optimizer/g2o
-- Up-to-date: /workspace/assignments/03-mapping-and-matching/install/include/lidar_localization/lidar_localization/models/graph_optimizer/g2o/edge
-- Up-to-date: /workspace/assignments/03-mapping-and-matching/install/include/lidar_localization/lidar_localization/subscriber
-- Up-to-date: /workspace/assignments/03-mapping-and-matching/install/include/lidar_localization/lidar_localization/mapping
-- Up-to-date: /workspace/assignments/03-mapping-and-matching/install/include/lidar_localization/lidar_localization/mapping/back_end
-- Up-to-date: /workspace/assignments/03-mapping-and-matching/install/include/lidar_localization/lidar_localization/mapping/viewer
-- Up-to-date: /workspace/assignments/03-mapping-and-matching/install/include/lidar_localization/lidar_localization/mapping/front_end
-- Up-to-date: /workspace/assignments/03-mapping-and-matching/install/include/lidar_localization/lidar_localization/mapping/loop_closing
-- Up-to-date: /workspace/assignments/03-mapping-and-matching/install/include/lidar_localization/lidar_localization/data_pretreat
-- Up-to-date: /workspace/assignments/03-mapping-and-matching/install/include/lidar_localization/lidar_localization/global_defination
-- Up-to-date: /workspace/assignments/03-mapping-and-matching/install/include/lidar_localization/lidar_localization/tools
-- Up-to-date: /workspace/assignments/03-mapping-and-matching/install/include/lidar_localization/lidar_localization/publisher
-- Up-to-date: /workspace/assignments/03-mapping-and-matching/install/include/lidar_localization/lidar_localization/matching
-- Up-to-date: /workspace/assignments/03-mapping-and-matching/install/include/lidar_localization/lidar_localization/sensor_data
-- Up-to-date: /workspace/assignments/03-mapping-and-matching/install/include/lidar_localization/lidar_localization/tf_listener
-- Up-to-date: /workspace/assignments/03-mapping-and-matching/install/share/lidar_localization/launch
-- Up-to-date: /workspace/assignments/03-mapping-and-matching/install/share/lidar_localization/launch/mapping.launch
-- Up-to-date: /workspace/assignments/03-mapping-and-matching/install/share/lidar_localization/launch/matching.launch
-- Up-to-date: /workspace/assignments/03-mapping-and-matching/install/share/lidar_localization/config
-- Up-to-date: /workspace/assignments/03-mapping-and-matching/install/share/lidar_localization/config/mapping
-- Up-to-date: /workspace/assignments/03-mapping-and-matching/install/share/lidar_localization/config/mapping/viewer.yaml
-- Up-to-date: /workspace/assignments/03-mapping-and-matching/install/share/lidar_localization/config/mapping/front_end.yaml
-- Up-to-date: /workspace/assignments/03-mapping-and-matching/install/share/lidar_localization/config/mapping/back_end.yaml
-- Up-to-date: /workspace/assignments/03-mapping-and-matching/install/share/lidar_localization/config/mapping/loop_closing.yaml
-- Up-to-date: /workspace/assignments/03-mapping-and-matching/install/share/lidar_localization/config/matching
-- Up-to-date: /workspace/assignments/03-mapping-and-matching/install/share/lidar_localization/config/matching/matching.yaml
-- Up-to-date: /workspace/assignments/03-mapping-and-matching/install/share/lidar_localization/config/scan_context
-- Up-to-date: /workspace/assignments/03-mapping-and-matching/install/share/lidar_localization/rviz
-- Up-to-date: /workspace/assignments/03-mapping-and-matching/install/share/lidar_localization/rviz/matching.rviz
-- Up-to-date: /workspace/assignments/03-mapping-and-matching/install/share/lidar_localization/rviz/mapping.rviz
